ERROR - 2023-12-31 12:16:57 --> Error connecting to the database: mysqli_sql_exception: No connection could be made because the target machine actively refused it.
 in C:\xampp\htdocs\PPKS-Politala\system\Database\MySQLi\Connection.php:185
Stack trace:
#0 C:\xampp\htdocs\PPKS-Politala\system\Database\MySQLi\Connection.php(185): mysqli->real_connect('localhost', 'root', '', 'ppks', 3306, '', 0)
#1 C:\xampp\htdocs\PPKS-Politala\system\Database\BaseConnection.php(391): CodeIgniter\Database\MySQLi\Connection->connect(false)
#2 C:\xampp\htdocs\PPKS-Politala\system\Database\BaseConnection.php(574): CodeIgniter\Database\BaseConnection->initialize()
#3 C:\xampp\htdocs\PPKS-Politala\system\Database\BaseBuilder.php(1615): CodeIgniter\Database\BaseConnection->query('SELECT *\nFROM `...', Array, false)
#4 C:\xampp\htdocs\PPKS-Politala\app\Models\GaleriModel.php(54): CodeIgniter\Database\BaseBuilder->get()
#5 C:\xampp\htdocs\PPKS-Politala\app\Controllers\BerandaController.php(33): App\Models\GaleriModel->GetDataGaleriRandom()
#6 C:\xampp\htdocs\PPKS-Politala\system\CodeIgniter.php(919): App\Controllers\BerandaController->beranda()
#7 C:\xampp\htdocs\PPKS-Politala\system\CodeIgniter.php(494): CodeIgniter\CodeIgniter->runController(Object(App\Controllers\BerandaController))
#8 C:\xampp\htdocs\PPKS-Politala\system\CodeIgniter.php(353): CodeIgniter\CodeIgniter->handleRequest(NULL, Object(Config\Cache), false)
#9 C:\xampp\htdocs\PPKS-Politala\public\index.php(79): CodeIgniter\CodeIgniter->run()
#10 C:\xampp\htdocs\PPKS-Politala\system\Commands\Server\rewrite.php(47): require_once('C:\\xampp\\htdocs...')
#11 {main}

Next CodeIgniter\Database\Exceptions\DatabaseException: No connection could be made because the target machine actively refused it.
 in C:\xampp\htdocs\PPKS-Politala\system\Database\MySQLi\Connection.php:229
Stack trace:
#0 C:\xampp\htdocs\PPKS-Politala\system\Database\BaseConnection.php(391): CodeIgniter\Database\MySQLi\Connection->connect(false)
#1 C:\xampp\htdocs\PPKS-Politala\system\Database\BaseConnection.php(574): CodeIgniter\Database\BaseConnection->initialize()
#2 C:\xampp\htdocs\PPKS-Politala\system\Database\BaseBuilder.php(1615): CodeIgniter\Database\BaseConnection->query('SELECT *\nFROM `...', Array, false)
#3 C:\xampp\htdocs\PPKS-Politala\app\Models\GaleriModel.php(54): CodeIgniter\Database\BaseBuilder->get()
#4 C:\xampp\htdocs\PPKS-Politala\app\Controllers\BerandaController.php(33): App\Models\GaleriModel->GetDataGaleriRandom()
#5 C:\xampp\htdocs\PPKS-Politala\system\CodeIgniter.php(919): App\Controllers\BerandaController->beranda()
#6 C:\xampp\htdocs\PPKS-Politala\system\CodeIgniter.php(494): CodeIgniter\CodeIgniter->runController(Object(App\Controllers\BerandaController))
#7 C:\xampp\htdocs\PPKS-Politala\system\CodeIgniter.php(353): CodeIgniter\CodeIgniter->handleRequest(NULL, Object(Config\Cache), false)
#8 C:\xampp\htdocs\PPKS-Politala\public\index.php(79): CodeIgniter\CodeIgniter->run()
#9 C:\xampp\htdocs\PPKS-Politala\system\Commands\Server\rewrite.php(47): require_once('C:\\xampp\\htdocs...')
#10 {main}
CRITICAL - 2023-12-31 12:16:57 --> Unable to connect to the database.
Main connection [MySQLi]: No connection could be made because the target machine actively refused it.

in SYSTEMPATH\Database\BaseConnection.php on line 427.
 1 SYSTEMPATH\Database\BaseConnection.php(574): CodeIgniter\Database\BaseConnection->initialize()
 2 SYSTEMPATH\Database\BaseBuilder.php(1615): CodeIgniter\Database\BaseConnection->query('SELECT *
FROM `galeri`
ORDER BY RAND()
 LIMIT 2', [], false)
 3 APPPATH\Models\GaleriModel.php(54): CodeIgniter\Database\BaseBuilder->get()
 4 APPPATH\Controllers\BerandaController.php(33): App\Models\GaleriModel->GetDataGaleriRandom()
 5 SYSTEMPATH\CodeIgniter.php(919): App\Controllers\BerandaController->beranda()
 6 SYSTEMPATH\CodeIgniter.php(494): CodeIgniter\CodeIgniter->runController(Object(App\Controllers\BerandaController))
 7 SYSTEMPATH\CodeIgniter.php(353): CodeIgniter\CodeIgniter->handleRequest(null, Object(Config\Cache), false)
 8 FCPATH\index.php(79): CodeIgniter\CodeIgniter->run()
 9 SYSTEMPATH\Commands\Server\rewrite.php(47): require_once('C:\\xampp\\htdocs\\PPKS-Politala\\public\\index.php')
ERROR - 2023-12-31 12:17:30 --> Error connecting to the database: mysqli_sql_exception: No connection could be made because the target machine actively refused it.
 in C:\xampp\htdocs\PPKS-Politala\system\Database\MySQLi\Connection.php:185
Stack trace:
#0 C:\xampp\htdocs\PPKS-Politala\system\Database\MySQLi\Connection.php(185): mysqli->real_connect('localhost', 'root', '', 'ppks', 3306, '', 0)
#1 C:\xampp\htdocs\PPKS-Politala\system\Database\BaseConnection.php(391): CodeIgniter\Database\MySQLi\Connection->connect(false)
#2 C:\xampp\htdocs\PPKS-Politala\system\Database\BaseConnection.php(574): CodeIgniter\Database\BaseConnection->initialize()
#3 C:\xampp\htdocs\PPKS-Politala\system\Database\BaseBuilder.php(1615): CodeIgniter\Database\BaseConnection->query('SELECT *\nFROM `...', Array, false)
#4 C:\xampp\htdocs\PPKS-Politala\app\Models\GaleriModel.php(54): CodeIgniter\Database\BaseBuilder->get()
#5 C:\xampp\htdocs\PPKS-Politala\app\Controllers\BerandaController.php(33): App\Models\GaleriModel->GetDataGaleriRandom()
#6 C:\xampp\htdocs\PPKS-Politala\system\CodeIgniter.php(919): App\Controllers\BerandaController->beranda()
#7 C:\xampp\htdocs\PPKS-Politala\system\CodeIgniter.php(494): CodeIgniter\CodeIgniter->runController(Object(App\Controllers\BerandaController))
#8 C:\xampp\htdocs\PPKS-Politala\system\CodeIgniter.php(353): CodeIgniter\CodeIgniter->handleRequest(NULL, Object(Config\Cache), false)
#9 C:\xampp\htdocs\PPKS-Politala\public\index.php(79): CodeIgniter\CodeIgniter->run()
#10 C:\xampp\htdocs\PPKS-Politala\system\Commands\Server\rewrite.php(47): require_once('C:\\xampp\\htdocs...')
#11 {main}

Next CodeIgniter\Database\Exceptions\DatabaseException: No connection could be made because the target machine actively refused it.
 in C:\xampp\htdocs\PPKS-Politala\system\Database\MySQLi\Connection.php:229
Stack trace:
#0 C:\xampp\htdocs\PPKS-Politala\system\Database\BaseConnection.php(391): CodeIgniter\Database\MySQLi\Connection->connect(false)
#1 C:\xampp\htdocs\PPKS-Politala\system\Database\BaseConnection.php(574): CodeIgniter\Database\BaseConnection->initialize()
#2 C:\xampp\htdocs\PPKS-Politala\system\Database\BaseBuilder.php(1615): CodeIgniter\Database\BaseConnection->query('SELECT *\nFROM `...', Array, false)
#3 C:\xampp\htdocs\PPKS-Politala\app\Models\GaleriModel.php(54): CodeIgniter\Database\BaseBuilder->get()
#4 C:\xampp\htdocs\PPKS-Politala\app\Controllers\BerandaController.php(33): App\Models\GaleriModel->GetDataGaleriRandom()
#5 C:\xampp\htdocs\PPKS-Politala\system\CodeIgniter.php(919): App\Controllers\BerandaController->beranda()
#6 C:\xampp\htdocs\PPKS-Politala\system\CodeIgniter.php(494): CodeIgniter\CodeIgniter->runController(Object(App\Controllers\BerandaController))
#7 C:\xampp\htdocs\PPKS-Politala\system\CodeIgniter.php(353): CodeIgniter\CodeIgniter->handleRequest(NULL, Object(Config\Cache), false)
#8 C:\xampp\htdocs\PPKS-Politala\public\index.php(79): CodeIgniter\CodeIgniter->run()
#9 C:\xampp\htdocs\PPKS-Politala\system\Commands\Server\rewrite.php(47): require_once('C:\\xampp\\htdocs...')
#10 {main}
CRITICAL - 2023-12-31 12:17:30 --> Unable to connect to the database.
Main connection [MySQLi]: No connection could be made because the target machine actively refused it.

in SYSTEMPATH\Database\BaseConnection.php on line 427.
 1 SYSTEMPATH\Database\BaseConnection.php(574): CodeIgniter\Database\BaseConnection->initialize()
 2 SYSTEMPATH\Database\BaseBuilder.php(1615): CodeIgniter\Database\BaseConnection->query('SELECT *
FROM `galeri`
ORDER BY RAND()
 LIMIT 2', [], false)
 3 APPPATH\Models\GaleriModel.php(54): CodeIgniter\Database\BaseBuilder->get()
 4 APPPATH\Controllers\BerandaController.php(33): App\Models\GaleriModel->GetDataGaleriRandom()
 5 SYSTEMPATH\CodeIgniter.php(919): App\Controllers\BerandaController->beranda()
 6 SYSTEMPATH\CodeIgniter.php(494): CodeIgniter\CodeIgniter->runController(Object(App\Controllers\BerandaController))
 7 SYSTEMPATH\CodeIgniter.php(353): CodeIgniter\CodeIgniter->handleRequest(null, Object(Config\Cache), false)
 8 FCPATH\index.php(79): CodeIgniter\CodeIgniter->run()
 9 SYSTEMPATH\Commands\Server\rewrite.php(47): require_once('C:\\xampp\\htdocs\\PPKS-Politala\\public\\index.php')
<<<<<<< HEAD
INFO - 2023-12-31 12:35:51 --> Session: Class initialized using 'CodeIgniter\Session\Handlers\FileHandler' driver.
INFO - 2023-12-31 12:36:45 --> Session: Class initialized using 'CodeIgniter\Session\Handlers\FileHandler' driver.
=======
ERROR - 2023-12-31 12:33:44 --> Error connecting to the database: mysqli_sql_exception: No connection could be made because the target machine actively refused it in C:\xampp\htdocs\PBL-Semester-3\system\Database\MySQLi\Connection.php:185
Stack trace:
#0 C:\xampp\htdocs\PBL-Semester-3\system\Database\MySQLi\Connection.php(185): mysqli->real_connect('localhost', 'root', '', 'ppks', 3306, '', 0)
#1 C:\xampp\htdocs\PBL-Semester-3\system\Database\BaseConnection.php(391): CodeIgniter\Database\MySQLi\Connection->connect(false)
#2 C:\xampp\htdocs\PBL-Semester-3\system\Database\BaseConnection.php(574): CodeIgniter\Database\BaseConnection->initialize()
#3 C:\xampp\htdocs\PBL-Semester-3\system\Database\BaseBuilder.php(1615): CodeIgniter\Database\BaseConnection->query('SELECT *\nFROM `...', Array, false)
#4 C:\xampp\htdocs\PBL-Semester-3\app\Models\GaleriModel.php(54): CodeIgniter\Database\BaseBuilder->get()
#5 C:\xampp\htdocs\PBL-Semester-3\app\Controllers\BerandaController.php(33): App\Models\GaleriModel->GetDataGaleriRandom()
#6 C:\xampp\htdocs\PBL-Semester-3\system\CodeIgniter.php(919): App\Controllers\BerandaController->beranda()
#7 C:\xampp\htdocs\PBL-Semester-3\system\CodeIgniter.php(494): CodeIgniter\CodeIgniter->runController(Object(App\Controllers\BerandaController))
#8 C:\xampp\htdocs\PBL-Semester-3\system\CodeIgniter.php(353): CodeIgniter\CodeIgniter->handleRequest(NULL, Object(Config\Cache), false)
#9 C:\xampp\htdocs\PBL-Semester-3\public\index.php(79): CodeIgniter\CodeIgniter->run()
#10 C:\xampp\htdocs\PBL-Semester-3\system\Commands\Server\rewrite.php(47): require_once('C:\\xampp\\htdocs...')
#11 {main}

Next CodeIgniter\Database\Exceptions\DatabaseException: No connection could be made because the target machine actively refused it in C:\xampp\htdocs\PBL-Semester-3\system\Database\MySQLi\Connection.php:229
Stack trace:
#0 C:\xampp\htdocs\PBL-Semester-3\system\Database\BaseConnection.php(391): CodeIgniter\Database\MySQLi\Connection->connect(false)
#1 C:\xampp\htdocs\PBL-Semester-3\system\Database\BaseConnection.php(574): CodeIgniter\Database\BaseConnection->initialize()
#2 C:\xampp\htdocs\PBL-Semester-3\system\Database\BaseBuilder.php(1615): CodeIgniter\Database\BaseConnection->query('SELECT *\nFROM `...', Array, false)
#3 C:\xampp\htdocs\PBL-Semester-3\app\Models\GaleriModel.php(54): CodeIgniter\Database\BaseBuilder->get()
#4 C:\xampp\htdocs\PBL-Semester-3\app\Controllers\BerandaController.php(33): App\Models\GaleriModel->GetDataGaleriRandom()
#5 C:\xampp\htdocs\PBL-Semester-3\system\CodeIgniter.php(919): App\Controllers\BerandaController->beranda()
#6 C:\xampp\htdocs\PBL-Semester-3\system\CodeIgniter.php(494): CodeIgniter\CodeIgniter->runController(Object(App\Controllers\BerandaController))
#7 C:\xampp\htdocs\PBL-Semester-3\system\CodeIgniter.php(353): CodeIgniter\CodeIgniter->handleRequest(NULL, Object(Config\Cache), false)
#8 C:\xampp\htdocs\PBL-Semester-3\public\index.php(79): CodeIgniter\CodeIgniter->run()
#9 C:\xampp\htdocs\PBL-Semester-3\system\Commands\Server\rewrite.php(47): require_once('C:\\xampp\\htdocs...')
#10 {main}
CRITICAL - 2023-12-31 12:33:44 --> Unable to connect to the database.
Main connection [MySQLi]: No connection could be made because the target machine actively refused it
in SYSTEMPATH\Database\BaseConnection.php on line 427.
 1 SYSTEMPATH\Database\BaseConnection.php(574): CodeIgniter\Database\BaseConnection->initialize()
 2 SYSTEMPATH\Database\BaseBuilder.php(1615): CodeIgniter\Database\BaseConnection->query('SELECT *
FROM `galeri`
ORDER BY RAND()
 LIMIT 2', [], false)
 3 APPPATH\Models\GaleriModel.php(54): CodeIgniter\Database\BaseBuilder->get()
 4 APPPATH\Controllers\BerandaController.php(33): App\Models\GaleriModel->GetDataGaleriRandom()
 5 SYSTEMPATH\CodeIgniter.php(919): App\Controllers\BerandaController->beranda()
 6 SYSTEMPATH\CodeIgniter.php(494): CodeIgniter\CodeIgniter->runController(Object(App\Controllers\BerandaController))
 7 SYSTEMPATH\CodeIgniter.php(353): CodeIgniter\CodeIgniter->handleRequest(null, Object(Config\Cache), false)
 8 FCPATH\index.php(79): CodeIgniter\CodeIgniter->run()
 9 SYSTEMPATH\Commands\Server\rewrite.php(47): require_once('C:\\xampp\\htdocs\\PBL-Semester-3\\public\\index.php')
ERROR - 2023-12-31 12:33:49 --> Error connecting to the database: mysqli_sql_exception: No connection could be made because the target machine actively refused it in C:\xampp\htdocs\PBL-Semester-3\system\Database\MySQLi\Connection.php:185
Stack trace:
#0 C:\xampp\htdocs\PBL-Semester-3\system\Database\MySQLi\Connection.php(185): mysqli->real_connect('localhost', 'root', '', 'ppks', 3306, '', 0)
#1 C:\xampp\htdocs\PBL-Semester-3\system\Database\BaseConnection.php(391): CodeIgniter\Database\MySQLi\Connection->connect(false)
#2 C:\xampp\htdocs\PBL-Semester-3\system\Database\BaseConnection.php(574): CodeIgniter\Database\BaseConnection->initialize()
#3 C:\xampp\htdocs\PBL-Semester-3\system\Database\BaseBuilder.php(1615): CodeIgniter\Database\BaseConnection->query('SELECT *\nFROM `...', Array, false)
#4 C:\xampp\htdocs\PBL-Semester-3\app\Models\GaleriModel.php(54): CodeIgniter\Database\BaseBuilder->get()
#5 C:\xampp\htdocs\PBL-Semester-3\app\Controllers\BerandaController.php(33): App\Models\GaleriModel->GetDataGaleriRandom()
#6 C:\xampp\htdocs\PBL-Semester-3\system\CodeIgniter.php(919): App\Controllers\BerandaController->beranda()
#7 C:\xampp\htdocs\PBL-Semester-3\system\CodeIgniter.php(494): CodeIgniter\CodeIgniter->runController(Object(App\Controllers\BerandaController))
#8 C:\xampp\htdocs\PBL-Semester-3\system\CodeIgniter.php(353): CodeIgniter\CodeIgniter->handleRequest(NULL, Object(Config\Cache), false)
#9 C:\xampp\htdocs\PBL-Semester-3\public\index.php(79): CodeIgniter\CodeIgniter->run()
#10 C:\xampp\htdocs\PBL-Semester-3\system\Commands\Server\rewrite.php(47): require_once('C:\\xampp\\htdocs...')
#11 {main}

Next CodeIgniter\Database\Exceptions\DatabaseException: No connection could be made because the target machine actively refused it in C:\xampp\htdocs\PBL-Semester-3\system\Database\MySQLi\Connection.php:229
Stack trace:
#0 C:\xampp\htdocs\PBL-Semester-3\system\Database\BaseConnection.php(391): CodeIgniter\Database\MySQLi\Connection->connect(false)
#1 C:\xampp\htdocs\PBL-Semester-3\system\Database\BaseConnection.php(574): CodeIgniter\Database\BaseConnection->initialize()
#2 C:\xampp\htdocs\PBL-Semester-3\system\Database\BaseBuilder.php(1615): CodeIgniter\Database\BaseConnection->query('SELECT *\nFROM `...', Array, false)
#3 C:\xampp\htdocs\PBL-Semester-3\app\Models\GaleriModel.php(54): CodeIgniter\Database\BaseBuilder->get()
#4 C:\xampp\htdocs\PBL-Semester-3\app\Controllers\BerandaController.php(33): App\Models\GaleriModel->GetDataGaleriRandom()
#5 C:\xampp\htdocs\PBL-Semester-3\system\CodeIgniter.php(919): App\Controllers\BerandaController->beranda()
#6 C:\xampp\htdocs\PBL-Semester-3\system\CodeIgniter.php(494): CodeIgniter\CodeIgniter->runController(Object(App\Controllers\BerandaController))
#7 C:\xampp\htdocs\PBL-Semester-3\system\CodeIgniter.php(353): CodeIgniter\CodeIgniter->handleRequest(NULL, Object(Config\Cache), false)
#8 C:\xampp\htdocs\PBL-Semester-3\public\index.php(79): CodeIgniter\CodeIgniter->run()
#9 C:\xampp\htdocs\PBL-Semester-3\system\Commands\Server\rewrite.php(47): require_once('C:\\xampp\\htdocs...')
#10 {main}
CRITICAL - 2023-12-31 12:33:49 --> Unable to connect to the database.
Main connection [MySQLi]: No connection could be made because the target machine actively refused it
in SYSTEMPATH\Database\BaseConnection.php on line 427.
 1 SYSTEMPATH\Database\BaseConnection.php(574): CodeIgniter\Database\BaseConnection->initialize()
 2 SYSTEMPATH\Database\BaseBuilder.php(1615): CodeIgniter\Database\BaseConnection->query('SELECT *
FROM `galeri`
ORDER BY RAND()
 LIMIT 2', [], false)
 3 APPPATH\Models\GaleriModel.php(54): CodeIgniter\Database\BaseBuilder->get()
 4 APPPATH\Controllers\BerandaController.php(33): App\Models\GaleriModel->GetDataGaleriRandom()
 5 SYSTEMPATH\CodeIgniter.php(919): App\Controllers\BerandaController->beranda()
 6 SYSTEMPATH\CodeIgniter.php(494): CodeIgniter\CodeIgniter->runController(Object(App\Controllers\BerandaController))
 7 SYSTEMPATH\CodeIgniter.php(353): CodeIgniter\CodeIgniter->handleRequest(null, Object(Config\Cache), false)
 8 FCPATH\index.php(79): CodeIgniter\CodeIgniter->run()
 9 SYSTEMPATH\Commands\Server\rewrite.php(47): require_once('C:\\xampp\\htdocs\\PBL-Semester-3\\public\\index.php')
INFO - 2023-12-31 12:34:35 --> Session: Class initialized using 'CodeIgniter\Session\Handlers\FileHandler' driver.
INFO - 2023-12-31 12:35:13 --> Session: Class initialized using 'CodeIgniter\Session\Handlers\FileHandler' driver.
INFO - 2023-12-31 12:38:06 --> Session: Class initialized using 'CodeIgniter\Session\Handlers\FileHandler' driver.
INFO - 2023-12-31 12:38:11 --> Session: Class initialized using 'CodeIgniter\Session\Handlers\FileHandler' driver.
INFO - 2023-12-31 12:38:11 --> Session: Class initialized using 'CodeIgniter\Session\Handlers\FileHandler' driver.
INFO - 2023-12-31 12:38:17 --> Session: Class initialized using 'CodeIgniter\Session\Handlers\FileHandler' driver.
INFO - 2023-12-31 12:38:19 --> Session: Class initialized using 'CodeIgniter\Session\Handlers\FileHandler' driver.
INFO - 2023-12-31 12:38:38 --> Session: Class initialized using 'CodeIgniter\Session\Handlers\FileHandler' driver.
INFO - 2023-12-31 12:38:53 --> Session: Class initialized using 'CodeIgniter\Session\Handlers\FileHandler' driver.
INFO - 2023-12-31 12:38:58 --> Session: Class initialized using 'CodeIgniter\Session\Handlers\FileHandler' driver.
INFO - 2023-12-31 12:38:59 --> Session: Class initialized using 'CodeIgniter\Session\Handlers\FileHandler' driver.
INFO - 2023-12-31 12:39:08 --> Session: Class initialized using 'CodeIgniter\Session\Handlers\FileHandler' driver.
INFO - 2023-12-31 12:39:12 --> Session: Class initialized using 'CodeIgniter\Session\Handlers\FileHandler' driver.
INFO - 2023-12-31 12:39:16 --> Session: Class initialized using 'CodeIgniter\Session\Handlers\FileHandler' driver.
INFO - 2023-12-31 12:39:31 --> Session: Class initialized using 'CodeIgniter\Session\Handlers\FileHandler' driver.
INFO - 2023-12-31 12:39:35 --> Session: Class initialized using 'CodeIgniter\Session\Handlers\FileHandler' driver.
INFO - 2023-12-31 12:40:23 --> Session: Class initialized using 'CodeIgniter\Session\Handlers\FileHandler' driver.
INFO - 2023-12-31 12:40:25 --> Session: Class initialized using 'CodeIgniter\Session\Handlers\FileHandler' driver.
INFO - 2023-12-31 12:41:09 --> Session: Class initialized using 'CodeIgniter\Session\Handlers\FileHandler' driver.
INFO - 2023-12-31 12:41:13 --> Session: Class initialized using 'CodeIgniter\Session\Handlers\FileHandler' driver.
INFO - 2023-12-31 12:41:16 --> Session: Class initialized using 'CodeIgniter\Session\Handlers\FileHandler' driver.
INFO - 2023-12-31 12:41:18 --> Session: Class initialized using 'CodeIgniter\Session\Handlers\FileHandler' driver.
INFO - 2023-12-31 12:41:21 --> Session: Class initialized using 'CodeIgniter\Session\Handlers\FileHandler' driver.
INFO - 2023-12-31 12:41:23 --> Session: Class initialized using 'CodeIgniter\Session\Handlers\FileHandler' driver.
INFO - 2023-12-31 12:44:15 --> Session: Class initialized using 'CodeIgniter\Session\Handlers\FileHandler' driver.
INFO - 2023-12-31 12:44:18 --> Session: Class initialized using 'CodeIgniter\Session\Handlers\FileHandler' driver.
>>>>>>> eaa6bfc3535c08a69dc0b72bfa3e8543aa91530d
